<?xml version="1.0" encoding="UTF-8"?>
<!-- Generated by org.testng.reporters.JUnitReportReporter -->
<testsuite hostname="Saba" failures="0" tests="1" name="browserLaunching.LaunchingBrowser" time="60.970" errors="0" timestamp="2023-11-10T14:47:15 IST" skipped="0">
  <testcase classname="browserLaunching.LaunchingBrowser" name="Launching" time="60.970"/>
  <system-out/>
</testsuite> <!-- browserLaunching.LaunchingBrowser -->
